1500865544205	geckodriver	INFO	Listening on 127.0.0.1:59497
1500865545283	mozprofile::profile	INFO	Using profile path /var/folders/h7/p6ykkq3x46181zrnt018wb1c0000gn/T/rust_mozprofile.3CfGLC0fLWZK
1500865545284	geckodriver::marionette	INFO	Starting browser /Applications/Firefox.app/Contents/MacOS/firefox-bin
1500865545299	geckodriver::marionette	INFO	Connecting to Marionette on localhost:59503
1500865545807	Marionette	INFO	Listening on port 59503
JavaScript error: https://ss1.bdstatic.com/5eN1bjq8AAUYm2zgoY3K/r/www/cache/static/protocol/https/plugins/every_cookie_mac_82990d4.js, line 4: ReferenceError: c is not defined
JavaScript error: resource://gre/modules/LoginManagerParent.jsm, line 77: TypeError: this._recipeManager is null
JavaScript error: resource://gre/modules/LoginManagerParent.jsm, line 77: TypeError: this._recipeManager is null
JavaScript error: resource://gre/modules/LoginManagerParent.jsm, line 77: TypeError: this._recipeManager is null
1500876397450	geckodriver	INFO	Listening on 127.0.0.1:60554
1500876397523	mozprofile::profile	INFO	Using profile path /var/folders/h7/p6ykkq3x46181zrnt018wb1c0000gn/T/rust_mozprofile.lyK0EohfFxcu
1500876397524	geckodriver::marionette	INFO	Starting browser /Applications/Firefox.app/Contents/MacOS/firefox-bin
1500876397528	geckodriver::marionette	INFO	Connecting to Marionette on localhost:60558
1500876397962	Marionette	INFO	Listening on port 60558
JavaScript error: https://ss1.bdstatic.com/5eN1bjq8AAUYm2zgoY3K/r/www/cache/static/protocol/https/plugins/every_cookie_mac_82990d4.js, line 4: ReferenceError: c is not defined
JavaScript error: https://sp0.baidu.com/5a1Fazu8AA54nxGko9WTAnF6hhy/su?wd=xg&json=1&p=3&sid=1461_21098_17001_20927&csor=2&pwd=x&cb=jQuery11020549680126429749_1500876399361&_=1500876399364, line 1: TypeError: jQuery11020549680126429749_1500876399361 is not a function
1500876672078	geckodriver	INFO	Listening on 127.0.0.1:60638
1500876673151	mozprofile::profile	INFO	Using profile path /var/folders/h7/p6ykkq3x46181zrnt018wb1c0000gn/T/rust_mozprofile.joR4eKWfAUhw
1500876673152	geckodriver::marionette	INFO	Starting browser /Applications/Firefox.app/Contents/MacOS/firefox-bin
1500876673156	geckodriver::marionette	INFO	Connecting to Marionette on localhost:60644
1500876673608	Marionette	INFO	Listening on port 60644
JavaScript error: https://ss1.bdstatic.com/5eN1bjq8AAUYm2zgoY3K/r/www/cache/static/protocol/https/plugins/every_cookie_mac_82990d4.js, line 4: ReferenceError: c is not defined
JavaScript error: https://sp0.baidu.com/5a1Fazu8AA54nxGko9WTAnF6hhy/su?wd=x&json=1&p=3&sid=1425_21113_20930&csor=1&cb=jQuery1102032149349764551516_1500876675024&_=1500876675026, line 1: TypeError: jQuery1102032149349764551516_1500876675024 is not a function
JavaScript error: https://sp0.baidu.com/5a1Fazu8AA54nxGko9WTAnF6hhy/su?wd=xg&json=1&p=3&sid=1425_21113_20930&csor=2&pwd=x&cb=jQuery1102032149349764551516_1500876675024&_=1500876675027, line 1: TypeError: jQuery1102032149349764551516_1500876675024 is not a function
JavaScript error: https://sp0.baidu.com/5a1Fazu8AA54nxGko9WTAnF6hhy/su?wd=xgd&json=1&p=3&sid=1425_21113_20930&csor=3&pwd=xg&cb=jQuery1102032149349764551516_1500876675024&_=1500876675028, line 1: TypeError: jQuery1102032149349764551516_1500876675024 is not a function
1500876742109	geckodriver	INFO	Listening on 127.0.0.1:60699
1500876743184	mozprofile::profile	INFO	Using profile path /var/folders/h7/p6ykkq3x46181zrnt018wb1c0000gn/T/rust_mozprofile.d6KrqTjrNUyH
1500876743185	geckodriver::marionette	INFO	Starting browser /Applications/Firefox.app/Contents/MacOS/firefox-bin
1500876743187	geckodriver::marionette	INFO	Connecting to Marionette on localhost:60705
1500876743639	Marionette	INFO	Listening on port 60705
JavaScript error: https://ss1.bdstatic.com/5eN1bjq8AAUYm2zgoY3K/r/www/cache/static/protocol/https/plugins/every_cookie_mac_82990d4.js, line 4: ReferenceError: c is not defined
JavaScript error: https://sp0.baidu.com/5a1Fazu8AA54nxGko9WTAnF6hhy/su?wd=xg&json=1&p=3&sid=1456_19033_21093_18560_17001_20927&csor=2&pwd=x&cb=jQuery110208567565306118373_1500876745030&_=1500876745033, line 1: TypeError: jQuery110208567565306118373_1500876745030 is not a function
1500878246263	geckodriver	INFO	Listening on 127.0.0.1:60960
1500878247340	mozprofile::profile	INFO	Using profile path /var/folders/h7/p6ykkq3x46181zrnt018wb1c0000gn/T/rust_mozprofile.3ZAbc8wjpOSW
1500878247341	geckodriver::marionette	INFO	Starting browser /Applications/Firefox.app/Contents/MacOS/firefox-bin
1500878247346	geckodriver::marionette	INFO	Connecting to Marionette on localhost:60966
1500878247783	Marionette	INFO	Listening on port 60966
JavaScript error: https://ss1.bdstatic.com/5eN1bjq8AAUYm2zgoY3K/r/www/cache/static/protocol/https/plugins/every_cookie_mac_82990d4.js, line 4: ReferenceError: c is not defined
JavaScript error: https://sp0.baidu.com/5a1Fazu8AA54nxGko9WTAnF6hhy/su?wd=xg&json=1&p=3&sid=1451_21126_17001_20719&csor=2&pwd=x&cb=jQuery110207490764147683315_1500878249196&_=1500878249199, line 1: TypeError: jQuery110207490764147683315_1500878249196 is not a function
1500878295733	geckodriver	INFO	Listening on 127.0.0.1:61016
1500878296804	mozprofile::profile	INFO	Using profile path /var/folders/h7/p6ykkq3x46181zrnt018wb1c0000gn/T/rust_mozprofile.xI714jdrxVwR
1500878296805	geckodriver::marionette	INFO	Starting browser /Applications/Firefox.app/Contents/MacOS/firefox-bin
1500878296808	geckodriver::marionette	INFO	Connecting to Marionette on localhost:61022
1500878297241	Marionette	INFO	Listening on port 61022
JavaScript error: https://ss1.bdstatic.com/5eN1bjq8AAUYm2zgoY3K/r/www/cache/static/protocol/https/plugins/every_cookie_mac_82990d4.js, line 4: ReferenceError: c is not defined
1500878374457	geckodriver	INFO	Listening on 127.0.0.1:61093
1500878375531	mozprofile::profile	INFO	Using profile path /var/folders/h7/p6ykkq3x46181zrnt018wb1c0000gn/T/rust_mozprofile.NOyhkCcu3bui
1500878375532	geckodriver::marionette	INFO	Starting browser /Applications/Firefox.app/Contents/MacOS/firefox-bin
1500878375535	geckodriver::marionette	INFO	Connecting to Marionette on localhost:61099
1500878375962	Marionette	INFO	Listening on port 61099
JavaScript error: https://ss1.bdstatic.com/5eN1bjq8AAUYm2zgoY3K/r/www/cache/static/protocol/https/plugins/every_cookie_mac_82990d4.js, line 4: ReferenceError: c is not defined
1500878549447	geckodriver	INFO	Listening on 127.0.0.1:61160
1500878550518	mozprofile::profile	INFO	Using profile path /var/folders/h7/p6ykkq3x46181zrnt018wb1c0000gn/T/rust_mozprofile.PYZcW8EJWZSg
1500878550519	geckodriver::marionette	INFO	Starting browser /Applications/Firefox.app/Contents/MacOS/firefox-bin
1500878550523	geckodriver::marionette	INFO	Connecting to Marionette on localhost:61166
1500878550950	Marionette	INFO	Listening on port 61166
JavaScript error: https://ss1.bdstatic.com/5eN1bjq8AAUYm2zgoY3K/r/www/cache/static/protocol/https/plugins/every_cookie_mac_82990d4.js, line 4: ReferenceError: c is not defined
1500879563514	geckodriver	INFO	Listening on 127.0.0.1:61350
1500879564598	mozprofile::profile	INFO	Using profile path /var/folders/h7/p6ykkq3x46181zrnt018wb1c0000gn/T/rust_mozprofile.qnS3uQGmwk76
1500879564599	geckodriver::marionette	INFO	Starting browser /Applications/Firefox.app/Contents/MacOS/firefox-bin
1500879564601	geckodriver::marionette	INFO	Connecting to Marionette on localhost:61356
1500879565064	Marionette	INFO	Listening on port 61356
JavaScript error: https://ss1.bdstatic.com/5eN1bjq8AAUYm2zgoY3K/r/www/cache/static/protocol/https/plugins/every_cookie_mac_82990d4.js, line 4: ReferenceError: c is not defined
1500880047722	geckodriver	INFO	Listening on 127.0.0.1:61445
1500880048814	mozprofile::profile	INFO	Using profile path /var/folders/h7/p6ykkq3x46181zrnt018wb1c0000gn/T/rust_mozprofile.FSKzPz8j40nC
1500880048815	geckodriver::marionette	INFO	Starting browser /Applications/Firefox.app/Contents/MacOS/firefox-bin
1500880048819	geckodriver::marionette	INFO	Connecting to Marionette on localhost:61451
1500880049254	Marionette	INFO	Listening on port 61451
JavaScript error: https://ss1.bdstatic.com/5eN1bjq8AAUYm2zgoY3K/r/www/cache/static/protocol/https/plugins/every_cookie_mac_82990d4.js, line 4: ReferenceError: c is not defined
1500890417878	geckodriver	INFO	Listening on 127.0.0.1:62872
1500890418953	mozprofile::profile	INFO	Using profile path /var/folders/h7/p6ykkq3x46181zrnt018wb1c0000gn/T/rust_mozprofile.ojGZcki22MRt
1500890418954	geckodriver::marionette	INFO	Starting browser /Applications/Firefox.app/Contents/MacOS/firefox-bin
1500890418956	geckodriver::marionette	INFO	Connecting to Marionette on localhost:62878
1500890419421	Marionette	INFO	Listening on port 62878
JavaScript error: https://ss1.bdstatic.com/5eN1bjq8AAUYm2zgoY3K/r/www/cache/static/protocol/https/plugins/every_cookie_mac_82990d4.js, line 4: ReferenceError: c is not defined
1500890461449	geckodriver	INFO	Listening on 127.0.0.1:62928
1500890462519	mozprofile::profile	INFO	Using profile path /var/folders/h7/p6ykkq3x46181zrnt018wb1c0000gn/T/rust_mozprofile.tFZ0anTzJv4X
1500890462520	geckodriver::marionette	INFO	Starting browser /Applications/Firefox.app/Contents/MacOS/firefox-bin
1500890462524	geckodriver::marionette	INFO	Connecting to Marionette on localhost:62936
1500890462961	Marionette	INFO	Listening on port 62936
JavaScript error: https://ss1.bdstatic.com/5eN1bjq8AAUYm2zgoY3K/r/www/cache/static/protocol/https/plugins/every_cookie_mac_82990d4.js, line 4: ReferenceError: c is not defined
1501152523541	geckodriver	INFO	Listening on 127.0.0.1:62833
1501152524630	mozprofile::profile	INFO	Using profile path /var/folders/h7/p6ykkq3x46181zrnt018wb1c0000gn/T/rust_mozprofile.1Mi2bT2Zowqa
1501152524631	geckodriver::marionette	INFO	Starting browser /Applications/Firefox.app/Contents/MacOS/firefox-bin
1501152524645	geckodriver::marionette	INFO	Connecting to Marionette on localhost:62839
1501152525162	Marionette	INFO	Listening on port 62839
1501208206802	geckodriver	INFO	Listening on 127.0.0.1:63401
1501208207891	mozprofile::profile	INFO	Using profile path /var/folders/h7/p6ykkq3x46181zrnt018wb1c0000gn/T/rust_mozprofile.zwmnJUghNyuK
1501208207892	geckodriver::marionette	INFO	Starting browser /Applications/Firefox.app/Contents/MacOS/firefox-bin
1501208207895	geckodriver::marionette	INFO	Connecting to Marionette on localhost:63407
1501208208417	Marionette	INFO	Listening on port 63407
1501208239342	geckodriver	INFO	Listening on 127.0.0.1:63431
1501208240417	mozprofile::profile	INFO	Using profile path /var/folders/h7/p6ykkq3x46181zrnt018wb1c0000gn/T/rust_mozprofile.fDYMgKUyLiAG
1501208240418	geckodriver::marionette	INFO	Starting browser /Applications/Firefox.app/Contents/MacOS/firefox-bin
1501208240420	geckodriver::marionette	INFO	Connecting to Marionette on localhost:63437
1501208240838	Marionette	INFO	Listening on port 63437
1501208607876	geckodriver	INFO	Listening on 127.0.0.1:63548
1501208608952	mozprofile::profile	INFO	Using profile path /var/folders/h7/p6ykkq3x46181zrnt018wb1c0000gn/T/rust_mozprofile.QcOsbyKR7nJj
1501208608953	geckodriver::marionette	INFO	Starting browser /Applications/Firefox.app/Contents/MacOS/firefox-bin
1501208608957	geckodriver::marionette	INFO	Connecting to Marionette on localhost:63554
1501208609395	Marionette	INFO	Listening on port 63554
1501208783954	geckodriver	INFO	Listening on 127.0.0.1:63602
1501208785028	mozprofile::profile	INFO	Using profile path /var/folders/h7/p6ykkq3x46181zrnt018wb1c0000gn/T/rust_mozprofile.xbVIpUYgwmji
1501208785029	geckodriver::marionette	INFO	Starting browser /Applications/Firefox.app/Contents/MacOS/firefox-bin
1501208785030	geckodriver::marionette	INFO	Connecting to Marionette on localhost:63608
1501208785472	Marionette	INFO	Listening on port 63608
1501210637720	geckodriver	INFO	Listening on 127.0.0.1:63998
1501210638795	mozprofile::profile	INFO	Using profile path /var/folders/h7/p6ykkq3x46181zrnt018wb1c0000gn/T/rust_mozprofile.Jas3VJYoFwyj
1501210638796	geckodriver::marionette	INFO	Starting browser /Applications/Firefox.app/Contents/MacOS/firefox-bin
1501210638797	geckodriver::marionette	INFO	Connecting to Marionette on localhost:64004
1501210639241	Marionette	INFO	Listening on port 64004
JavaScript error: https://ss1.bdstatic.com/5eN1bjq8AAUYm2zgoY3K/r/www/cache/static/protocol/https/plugins/every_cookie_mac_82990d4.js, line 4: ReferenceError: c is not defined
1501210662486	geckodriver	INFO	Listening on 127.0.0.1:64036
1501210663554	mozprofile::profile	INFO	Using profile path /var/folders/h7/p6ykkq3x46181zrnt018wb1c0000gn/T/rust_mozprofile.REIUz04IYXFG
1501210663555	geckodriver::marionette	INFO	Starting browser /Applications/Firefox.app/Contents/MacOS/firefox-bin
1501210663560	geckodriver::marionette	INFO	Connecting to Marionette on localhost:64042
1501210663985	Marionette	INFO	Listening on port 64042
1501211000035	geckodriver	INFO	Listening on 127.0.0.1:64198
1501211001113	mozprofile::profile	INFO	Using profile path /var/folders/h7/p6ykkq3x46181zrnt018wb1c0000gn/T/rust_mozprofile.hoqyaS7h1Ddn
1501211001114	geckodriver::marionette	INFO	Starting browser /Applications/Firefox.app/Contents/MacOS/firefox-bin
1501211001116	geckodriver::marionette	INFO	Connecting to Marionette on localhost:64204
1501211001536	Marionette	INFO	Listening on port 64204
1501213056909	geckodriver	INFO	Listening on 127.0.0.1:65155
1501213057980	mozprofile::profile	INFO	Using profile path /var/folders/h7/p6ykkq3x46181zrnt018wb1c0000gn/T/rust_mozprofile.On9N4o0rJAIo
1501213057981	geckodriver::marionette	INFO	Starting browser /Applications/Firefox.app/Contents/MacOS/firefox-bin
1501213057985	geckodriver::marionette	INFO	Connecting to Marionette on localhost:65161
1501213058412	Marionette	INFO	Listening on port 65161
1501213059602	geckodriver	INFO	Listening on 127.0.0.1:65177
1501213060670	mozprofile::profile	INFO	Using profile path /var/folders/h7/p6ykkq3x46181zrnt018wb1c0000gn/T/rust_mozprofile.Gj5SzLs7ypiY
1501213060671	geckodriver::marionette	INFO	Starting browser /Applications/Firefox.app/Contents/MacOS/firefox-bin
1501213060673	geckodriver::marionette	INFO	Connecting to Marionette on localhost:65185
1501213061109	Marionette	INFO	Listening on port 65185
1501213102615	geckodriver	INFO	Listening on 127.0.0.1:65235
1501213103688	mozprofile::profile	INFO	Using profile path /var/folders/h7/p6ykkq3x46181zrnt018wb1c0000gn/T/rust_mozprofile.9TbvBEob0wFe
1501213103689	geckodriver::marionette	INFO	Starting browser /Applications/Firefox.app/Contents/MacOS/firefox-bin
1501213103691	geckodriver::marionette	INFO	Connecting to Marionette on localhost:65241
1501213104126	Marionette	INFO	Listening on port 65241
1501213389168	geckodriver	INFO	Listening on 127.0.0.1:65307
1501213390238	mozprofile::profile	INFO	Using profile path /var/folders/h7/p6ykkq3x46181zrnt018wb1c0000gn/T/rust_mozprofile.qBtWYXCWk13R
1501213390239	geckodriver::marionette	INFO	Starting browser /Applications/Firefox.app/Contents/MacOS/firefox-bin
1501213390242	geckodriver::marionette	INFO	Connecting to Marionette on localhost:65313
1501213390676	Marionette	INFO	Listening on port 65313
1501213391824	geckodriver	INFO	Listening on 127.0.0.1:65330
1501213392896	mozprofile::profile	INFO	Using profile path /var/folders/h7/p6ykkq3x46181zrnt018wb1c0000gn/T/rust_mozprofile.IO0nVLBlZ1Mk
1501213392897	geckodriver::marionette	INFO	Starting browser /Applications/Firefox.app/Contents/MacOS/firefox-bin
1501213392901	geckodriver::marionette	INFO	Connecting to Marionette on localhost:65338
1501213393415	Marionette	INFO	Listening on port 65338
1501217904923	geckodriver	INFO	Listening on 127.0.0.1:49558
1501217905998	mozprofile::profile	INFO	Using profile path /var/folders/h7/p6ykkq3x46181zrnt018wb1c0000gn/T/rust_mozprofile.x7N9JzzDP6DJ
1501217905999	geckodriver::marionette	INFO	Starting browser /Applications/Firefox.app/Contents/MacOS/firefox-bin
1501217906003	geckodriver::marionette	INFO	Connecting to Marionette on localhost:49564
1501217906434	Marionette	INFO	Listening on port 49564
1501217907605	geckodriver	INFO	Listening on 127.0.0.1:49580
1501217908682	mozprofile::profile	INFO	Using profile path /var/folders/h7/p6ykkq3x46181zrnt018wb1c0000gn/T/rust_mozprofile.I8deyqL3kv36
1501217908683	geckodriver::marionette	INFO	Starting browser /Applications/Firefox.app/Contents/MacOS/firefox-bin
1501217908687	geckodriver::marionette	INFO	Connecting to Marionette on localhost:49588
1501217909114	Marionette	INFO	Listening on port 49588
1501217940217	geckodriver	INFO	Listening on 127.0.0.1:49639
1501217940289	mozprofile::profile	INFO	Using profile path /var/folders/h7/p6ykkq3x46181zrnt018wb1c0000gn/T/rust_mozprofile.w4N2nspZUryI
1501217940290	geckodriver::marionette	INFO	Starting browser /Applications/Firefox.app/Contents/MacOS/firefox-bin
1501217940292	geckodriver::marionette	INFO	Connecting to Marionette on localhost:49643
1501217940730	Marionette	INFO	Listening on port 49643
1501217942023	geckodriver	INFO	Listening on 127.0.0.1:49659
1501217943097	mozprofile::profile	INFO	Using profile path /var/folders/h7/p6ykkq3x46181zrnt018wb1c0000gn/T/rust_mozprofile.2lDv6gX7qFAd
1501217943098	geckodriver::marionette	INFO	Starting browser /Applications/Firefox.app/Contents/MacOS/firefox-bin
1501217943100	geckodriver::marionette	INFO	Connecting to Marionette on localhost:49667
1501217943516	Marionette	INFO	Listening on port 49667
1501218015424	geckodriver	INFO	Listening on 127.0.0.1:49717
1501218016494	mozprofile::profile	INFO	Using profile path /var/folders/h7/p6ykkq3x46181zrnt018wb1c0000gn/T/rust_mozprofile.E70M6JNQAa7o
1501218016495	geckodriver::marionette	INFO	Starting browser /Applications/Firefox.app/Contents/MacOS/firefox-bin
1501218016500	geckodriver::marionette	INFO	Connecting to Marionette on localhost:49723
1501218016916	Marionette	INFO	Listening on port 49723
1501218018157	geckodriver	INFO	Listening on 127.0.0.1:49737
1501218019226	mozprofile::profile	INFO	Using profile path /var/folders/h7/p6ykkq3x46181zrnt018wb1c0000gn/T/rust_mozprofile.9XDZEVq1IEUK
1501218019227	geckodriver::marionette	INFO	Starting browser /Applications/Firefox.app/Contents/MacOS/firefox-bin
1501218019229	geckodriver::marionette	INFO	Connecting to Marionette on localhost:49745
1501218019663	Marionette	INFO	Listening on port 49745
1501218666309	geckodriver	INFO	Listening on 127.0.0.1:49969
1501218666400	mozprofile::profile	INFO	Using profile path /var/folders/h7/p6ykkq3x46181zrnt018wb1c0000gn/T/rust_mozprofile.PUzQH9Ky1UBg
1501218666401	geckodriver::marionette	INFO	Starting browser /Applications/Firefox.app/Contents/MacOS/firefox-bin
1501218666403	geckodriver::marionette	INFO	Connecting to Marionette on localhost:49973
1501218666836	Marionette	INFO	Listening on port 49973
1501218668137	geckodriver	INFO	Listening on 127.0.0.1:49989
1501218669211	mozprofile::profile	INFO	Using profile path /var/folders/h7/p6ykkq3x46181zrnt018wb1c0000gn/T/rust_mozprofile.VvNlXMYD4fVw
1501218669212	geckodriver::marionette	INFO	Starting browser /Applications/Firefox.app/Contents/MacOS/firefox-bin
1501218669214	geckodriver::marionette	INFO	Connecting to Marionette on localhost:49997
1501218669646	Marionette	INFO	Listening on port 49997
1501222708331	geckodriver	INFO	Listening on 127.0.0.1:50748
1501222709419	mozprofile::profile	INFO	Using profile path /var/folders/h7/p6ykkq3x46181zrnt018wb1c0000gn/T/rust_mozprofile.rx5nqZyYiUDX
1501222709421	geckodriver::marionette	INFO	Starting browser /Applications/Firefox.app/Contents/MacOS/firefox-bin
1501222709426	geckodriver::marionette	INFO	Connecting to Marionette on localhost:50754
1501222709878	Marionette	INFO	Listening on port 50754
1501222711069	geckodriver	INFO	Listening on 127.0.0.1:50770
1501222712146	mozprofile::profile	INFO	Using profile path /var/folders/h7/p6ykkq3x46181zrnt018wb1c0000gn/T/rust_mozprofile.7PZKf8BCx8Yj
1501222712147	geckodriver::marionette	INFO	Starting browser /Applications/Firefox.app/Contents/MacOS/firefox-bin
1501222712152	geckodriver::marionette	INFO	Connecting to Marionette on localhost:50777
1501222712588	Marionette	INFO	Listening on port 50777
1501225254304	geckodriver	INFO	Listening on 127.0.0.1:51442
1501225255397	mozprofile::profile	INFO	Using profile path /var/folders/h7/p6ykkq3x46181zrnt018wb1c0000gn/T/rust_mozprofile.vgSJUp7Z9n2E
1501225255398	geckodriver::marionette	INFO	Starting browser /Applications/Firefox.app/Contents/MacOS/firefox-bin
1501225255400	geckodriver::marionette	INFO	Connecting to Marionette on localhost:51449
1501225255917	Marionette	INFO	Listening on port 51449
1501225447377	geckodriver	INFO	Listening on 127.0.0.1:51526
1501225448460	mozprofile::profile	INFO	Using profile path /var/folders/h7/p6ykkq3x46181zrnt018wb1c0000gn/T/rust_mozprofile.D0rmIAZ9P6Ip
1501225448461	geckodriver::marionette	INFO	Starting browser /Applications/Firefox.app/Contents/MacOS/firefox-bin
1501225448464	geckodriver::marionette	INFO	Connecting to Marionette on localhost:51532
1501225448988	Marionette	INFO	Listening on port 51532
1501226025699	geckodriver	INFO	Listening on 127.0.0.1:51715
1501226026791	mozprofile::profile	INFO	Using profile path /var/folders/h7/p6ykkq3x46181zrnt018wb1c0000gn/T/rust_mozprofile.1z9EPjpZ6n3T
1501226026792	geckodriver::marionette	INFO	Starting browser /Applications/Firefox.app/Contents/MacOS/firefox-bin
1501226026795	geckodriver::marionette	INFO	Connecting to Marionette on localhost:51721
1501226027233	Marionette	INFO	Listening on port 51721
1501226028446	geckodriver	INFO	Listening on 127.0.0.1:51736
1501226029520	mozprofile::profile	INFO	Using profile path /var/folders/h7/p6ykkq3x46181zrnt018wb1c0000gn/T/rust_mozprofile.iZNy00hJueD8
1501226029521	geckodriver::marionette	INFO	Starting browser /Applications/Firefox.app/Contents/MacOS/firefox-bin
1501226029523	geckodriver::marionette	INFO	Connecting to Marionette on localhost:51744
1501226029979	Marionette	INFO	Listening on port 51744
1501227649225	geckodriver	INFO	Listening on 127.0.0.1:52081
1501227650302	mozprofile::profile	INFO	Using profile path /var/folders/h7/p6ykkq3x46181zrnt018wb1c0000gn/T/rust_mozprofile.ciDyPXlAPnOT
1501227650303	geckodriver::marionette	INFO	Starting browser /Applications/Firefox.app/Contents/MacOS/firefox-bin
1501227650305	geckodriver::marionette	INFO	Connecting to Marionette on localhost:52087
1501227650787	Marionette	INFO	Listening on port 52087
1501227651987	geckodriver	INFO	Listening on 127.0.0.1:52103
1501227653059	mozprofile::profile	INFO	Using profile path /var/folders/h7/p6ykkq3x46181zrnt018wb1c0000gn/T/rust_mozprofile.KNlf16LGG5GC
1501227653060	geckodriver::marionette	INFO	Starting browser /Applications/Firefox.app/Contents/MacOS/firefox-bin
1501227653064	geckodriver::marionette	INFO	Connecting to Marionette on localhost:52111
1501227653512	Marionette	INFO	Listening on port 52111
1501227674558	geckodriver	INFO	Listening on 127.0.0.1:52136
1501227675637	mozprofile::profile	INFO	Using profile path /var/folders/h7/p6ykkq3x46181zrnt018wb1c0000gn/T/rust_mozprofile.T47hcE4Z25KP
1501227675638	geckodriver::marionette	INFO	Starting browser /Applications/Firefox.app/Contents/MacOS/firefox-bin
1501227675640	geckodriver::marionette	INFO	Connecting to Marionette on localhost:52142
1501227676143	Marionette	INFO	Listening on port 52142
1501227677397	geckodriver	INFO	Listening on 127.0.0.1:52158
1501227678471	mozprofile::profile	INFO	Using profile path /var/folders/h7/p6ykkq3x46181zrnt018wb1c0000gn/T/rust_mozprofile.vePkKVKxiJaN
1501227678473	geckodriver::marionette	INFO	Starting browser /Applications/Firefox.app/Contents/MacOS/firefox-bin
1501227678474	geckodriver::marionette	INFO	Connecting to Marionette on localhost:52166
1501227678925	Marionette	INFO	Listening on port 52166
1501229852142	geckodriver	INFO	Listening on 127.0.0.1:53503
1501229853215	mozprofile::profile	INFO	Using profile path /var/folders/h7/p6ykkq3x46181zrnt018wb1c0000gn/T/rust_mozprofile.uS3xpNGGIH9n
1501229853216	geckodriver::marionette	INFO	Starting browser /Applications/Firefox.app/Contents/MacOS/firefox-bin
1501229853220	geckodriver::marionette	INFO	Connecting to Marionette on localhost:53513
1501229853685	Marionette	INFO	Listening on port 53513
1501230002283	geckodriver	INFO	Listening on 127.0.0.1:53567
1501230003363	mozprofile::profile	INFO	Using profile path /var/folders/h7/p6ykkq3x46181zrnt018wb1c0000gn/T/rust_mozprofile.fZs7wWw8TFRX
1501230003364	geckodriver::marionette	INFO	Starting browser /Applications/Firefox.app/Contents/MacOS/firefox-bin
1501230003368	geckodriver::marionette	INFO	Connecting to Marionette on localhost:53574
1501230003849	Marionette	INFO	Listening on port 53574
1501230034839	geckodriver	INFO	Listening on 127.0.0.1:53617
1501230035918	mozprofile::profile	INFO	Using profile path /var/folders/h7/p6ykkq3x46181zrnt018wb1c0000gn/T/rust_mozprofile.WW6wL3VfcbmQ
1501230035920	geckodriver::marionette	INFO	Starting browser /Applications/Firefox.app/Contents/MacOS/firefox-bin
1501230035922	geckodriver::marionette	INFO	Connecting to Marionette on localhost:53623
1501230036423	Marionette	INFO	Listening on port 53623
1501230142001	geckodriver	INFO	Listening on 127.0.0.1:53662
1501230143080	mozprofile::profile	INFO	Using profile path /var/folders/h7/p6ykkq3x46181zrnt018wb1c0000gn/T/rust_mozprofile.LygZCIq1YO6y
1501230143081	geckodriver::marionette	INFO	Starting browser /Applications/Firefox.app/Contents/MacOS/firefox-bin
1501230143083	geckodriver::marionette	INFO	Connecting to Marionette on localhost:53668
1501230143570	Marionette	INFO	Listening on port 53668
1501230144796	geckodriver	INFO	Listening on 127.0.0.1:53684
1501230145879	mozprofile::profile	INFO	Using profile path /var/folders/h7/p6ykkq3x46181zrnt018wb1c0000gn/T/rust_mozprofile.pSmTi11fR5wo
1501230145880	geckodriver::marionette	INFO	Starting browser /Applications/Firefox.app/Contents/MacOS/firefox-bin
1501230145882	geckodriver::marionette	INFO	Connecting to Marionette on localhost:53692
1501230146343	Marionette	INFO	Listening on port 53692
1501231005343	geckodriver	INFO	Listening on 127.0.0.1:53911
1501231006422	mozprofile::profile	INFO	Using profile path /var/folders/h7/p6ykkq3x46181zrnt018wb1c0000gn/T/rust_mozprofile.ygRn02g0E6Cs
1501231006423	geckodriver::marionette	INFO	Starting browser /Applications/Firefox.app/Contents/MacOS/firefox-bin
1501231006425	geckodriver::marionette	INFO	Connecting to Marionette on localhost:53917
1501231006872	Marionette	INFO	Listening on port 53917
1501231008106	geckodriver	INFO	Listening on 127.0.0.1:53933
1501231009179	mozprofile::profile	INFO	Using profile path /var/folders/h7/p6ykkq3x46181zrnt018wb1c0000gn/T/rust_mozprofile.JLOA0JKo4by0
1501231009180	geckodriver::marionette	INFO	Starting browser /Applications/Firefox.app/Contents/MacOS/firefox-bin
1501231009184	geckodriver::marionette	INFO	Connecting to Marionette on localhost:53941
1501231009621	Marionette	INFO	Listening on port 53941
1501233778236	geckodriver	INFO	Listening on 127.0.0.1:55090
1501233779313	mozprofile::profile	INFO	Using profile path /var/folders/h7/p6ykkq3x46181zrnt018wb1c0000gn/T/rust_mozprofile.l8H3MuB3KfvW
1501233779314	geckodriver::marionette	INFO	Starting browser /Applications/Firefox.app/Contents/MacOS/firefox-bin
1501233779318	geckodriver::marionette	INFO	Connecting to Marionette on localhost:55096
1501233779749	Marionette	INFO	Listening on port 55096
1501233780985	geckodriver	INFO	Listening on 127.0.0.1:55112
1501233782057	mozprofile::profile	INFO	Using profile path /var/folders/h7/p6ykkq3x46181zrnt018wb1c0000gn/T/rust_mozprofile.nRjbkIsrBotS
1501233782058	geckodriver::marionette	INFO	Starting browser /Applications/Firefox.app/Contents/MacOS/firefox-bin
1501233782079	geckodriver::marionette	INFO	Connecting to Marionette on localhost:55119
1501233782534	Marionette	INFO	Listening on port 55119
1501467328418	geckodriver	INFO	Listening on 127.0.0.1:56758
1501467329491	mozprofile::profile	INFO	Using profile path /var/folders/h7/p6ykkq3x46181zrnt018wb1c0000gn/T/rust_mozprofile.ULxGUbQsO6Ai
1501467329492	geckodriver::marionette	INFO	Starting browser /Applications/Firefox.app/Contents/MacOS/firefox-bin
1501467329494	geckodriver::marionette	INFO	Connecting to Marionette on localhost:56765
1501467330000	Marionette	INFO	Listening on port 56765
1501467331203	geckodriver	INFO	Listening on 127.0.0.1:56781
1501467332279	mozprofile::profile	INFO	Using profile path /var/folders/h7/p6ykkq3x46181zrnt018wb1c0000gn/T/rust_mozprofile.qhwcrKidiAoa
1501467332280	geckodriver::marionette	INFO	Starting browser /Applications/Firefox.app/Contents/MacOS/firefox-bin
1501467332283	geckodriver::marionette	INFO	Connecting to Marionette on localhost:56788
1501467332723	Marionette	INFO	Listening on port 56788
1501489496918	geckodriver	INFO	Listening on 127.0.0.1:64664
1501489498001	mozprofile::profile	INFO	Using profile path /var/folders/h7/p6ykkq3x46181zrnt018wb1c0000gn/T/rust_mozprofile.0UDXzfnB9hsz
1501489498002	geckodriver::marionette	INFO	Starting browser /Applications/Firefox.app/Contents/MacOS/firefox-bin
1501489498005	geckodriver::marionette	INFO	Connecting to Marionette on localhost:64670
1501489498479	Marionette	INFO	Listening on port 64670
1501489499629	geckodriver	INFO	Listening on 127.0.0.1:64686
1501489500702	mozprofile::profile	INFO	Using profile path /var/folders/h7/p6ykkq3x46181zrnt018wb1c0000gn/T/rust_mozprofile.6cczIv8ZWhUb
1501489500703	geckodriver::marionette	INFO	Starting browser /Applications/Firefox.app/Contents/MacOS/firefox-bin
1501489500707	geckodriver::marionette	INFO	Connecting to Marionette on localhost:64694
1501489501146	Marionette	INFO	Listening on port 64694
1501826636496	geckodriver	INFO	Listening on 127.0.0.1:58496
1501826637581	mozprofile::profile	INFO	Using profile path /var/folders/h7/p6ykkq3x46181zrnt018wb1c0000gn/T/rust_mozprofile.dnffnoL3b6Jf
1501826637582	geckodriver::marionette	INFO	Starting browser /Applications/Firefox.app/Contents/MacOS/firefox-bin
1501826637584	geckodriver::marionette	INFO	Connecting to Marionette on localhost:58502
1501826638087	Marionette	INFO	Listening on port 58502
1501826639294	geckodriver	INFO	Listening on 127.0.0.1:58518
1501826640368	mozprofile::profile	INFO	Using profile path /var/folders/h7/p6ykkq3x46181zrnt018wb1c0000gn/T/rust_mozprofile.F6UpCjzdxXBU
1501826640369	geckodriver::marionette	INFO	Starting browser /Applications/Firefox.app/Contents/MacOS/firefox-bin
1501826640372	geckodriver::marionette	INFO	Connecting to Marionette on localhost:58527
1501826640895	Marionette	INFO	Listening on port 58527
1501827375833	geckodriver	INFO	Listening on 127.0.0.1:58877
1501827376916	mozprofile::profile	INFO	Using profile path /var/folders/h7/p6ykkq3x46181zrnt018wb1c0000gn/T/rust_mozprofile.a58TRcsCGpkZ
1501827376916	geckodriver::marionette	INFO	Starting browser /Applications/Firefox.app/Contents/MacOS/firefox-bin
1501827376918	geckodriver::marionette	INFO	Connecting to Marionette on localhost:58884
1501827377380	Marionette	INFO	Listening on port 58884
JavaScript warning: http://cdnjs.cloudflare.com/ajax/libs/moment.js/2.10.3/moment-with-locales.min.js, line 1: unreachable code after return statement
JavaScript warning: http://cdnjs.cloudflare.com/ajax/libs/moment.js/2.10.3/moment-with-locales.min.js, line 1: unreachable code after return statement
JavaScript warning: http://pagead2.googlesyndication.com/pagead/js/adsbygoogle.js, line 1: mutating the [[Prototype]] of an object will cause your code to run very slowly; instead create the object with the correct initial [[Prototype]] value using Object.create
JavaScript warning: http://pagead2.googlesyndication.com/pagead/js/r20170731/r20170110/show_ads_impl.js, line 1: mutating the [[Prototype]] of an object will cause your code to run very slowly; instead create the object with the correct initial [[Prototype]] value using Object.create
JavaScript warning: https://googleads.g.doubleclick.net/pagead/html/r20170731/r20170110/zrt_lookup.html#, line 15: mutating the [[Prototype]] of an object will cause your code to run very slowly; instead create the object with the correct initial [[Prototype]] value using Object.create
1501831001203	geckodriver	INFO	Listening on 127.0.0.1:60079
1501831002273	mozprofile::profile	INFO	Using profile path /var/folders/h7/p6ykkq3x46181zrnt018wb1c0000gn/T/rust_mozprofile.9ZwE4mLzp2as
1501831002274	geckodriver::marionette	INFO	Starting browser /Applications/Firefox.app/Contents/MacOS/firefox-bin
1501831002278	geckodriver::marionette	INFO	Connecting to Marionette on localhost:60085
1501831002723	Marionette	INFO	Listening on port 60085
1501831003827	geckodriver	INFO	Listening on 127.0.0.1:60101
1501831004906	mozprofile::profile	INFO	Using profile path /var/folders/h7/p6ykkq3x46181zrnt018wb1c0000gn/T/rust_mozprofile.sTNgxF9W5C9q
1501831004907	geckodriver::marionette	INFO	Starting browser /Applications/Firefox.app/Contents/MacOS/firefox-bin
1501831004911	geckodriver::marionette	INFO	Connecting to Marionette on localhost:60109
1501831005572	Marionette	INFO	Listening on port 60109
1502086513935	geckodriver	INFO	Listening on 127.0.0.1:50952
1502086515009	mozprofile::profile	INFO	Using profile path /var/folders/h7/p6ykkq3x46181zrnt018wb1c0000gn/T/rust_mozprofile.wDzcvJINOPSk
1502086515010	geckodriver::marionette	INFO	Starting browser /Applications/Firefox.app/Contents/MacOS/firefox-bin
1502086515012	geckodriver::marionette	INFO	Connecting to Marionette on localhost:50958
1502086515511	Marionette	INFO	Listening on port 50958
1502086516690	geckodriver	INFO	Listening on 127.0.0.1:50974
1502086517763	mozprofile::profile	INFO	Using profile path /var/folders/h7/p6ykkq3x46181zrnt018wb1c0000gn/T/rust_mozprofile.9biKNAsOj4Jw
1502086517764	geckodriver::marionette	INFO	Starting browser /Applications/Firefox.app/Contents/MacOS/firefox-bin
1502086517769	geckodriver::marionette	INFO	Connecting to Marionette on localhost:50983
1502086518298	Marionette	INFO	Listening on port 50983
